Symbol range map extraction starting
Processing 61 files
startProcessing "cofh/api/CoFHAPIProps.java" md5: aa09e189962e655332bb647caf525db5
Cache Hit!
endProcessing "cofh/api/CoFHAPIProps.java"

startProcessing "cofh/api/energy/EnergyStorage.java" md5: aed8f33e2f60e1ac383b162b4e345d9d
Cache Hit!
endProcessing "cofh/api/energy/EnergyStorage.java"

startProcessing "cofh/api/energy/IEnergyConnection.java" md5: 1ec9c4b32b6c0cd4c1055ff8bb8e7e68
Cache Hit!
endProcessing "cofh/api/energy/IEnergyConnection.java"

startProcessing "cofh/api/energy/IEnergyContainerItem.java" md5: a985d1343e0dc56d2084c49aa2bf54ab
Cache Hit!
endProcessing "cofh/api/energy/IEnergyContainerItem.java"

startProcessing "cofh/api/energy/IEnergyHandler.java" md5: 79f1b780132205822680a19fc2373de2
Cache Hit!
endProcessing "cofh/api/energy/IEnergyHandler.java"

startProcessing "cofh/api/energy/IEnergyProvider.java" md5: 7796bb09eabdac41fe1db0d5d240644a
Cache Hit!
endProcessing "cofh/api/energy/IEnergyProvider.java"

startProcessing "cofh/api/energy/IEnergyReceiver.java" md5: 6c440aac1e9247f101fa29208b078ad7
Cache Hit!
endProcessing "cofh/api/energy/IEnergyReceiver.java"

startProcessing "cofh/api/energy/IEnergyStorage.java" md5: ae744caca22eed0cae2f46644ce8472b
Cache Hit!
endProcessing "cofh/api/energy/IEnergyStorage.java"

startProcessing "cofh/api/energy/ItemEnergyContainer.java" md5: 069cb9b33e6ee38d8adec0c0ed6f67d0
Cache Hit!
endProcessing "cofh/api/energy/ItemEnergyContainer.java"

startProcessing "cofh/api/energy/TileEnergyHandler.java" md5: 1b8b3674b98d7f994949237326984250
Cache Hit!
endProcessing "cofh/api/energy/TileEnergyHandler.java"

startProcessing "cofh/api/energy/package-info.java" md5: a3b6df5f87d9617085c799f1191b09aa
Cache Hit!
endProcessing "cofh/api/energy/package-info.java"

startProcessing "cofh/api/package-info.java" md5: 039693518a46372672cdba745f38fcf1
Cache Hit!
endProcessing "cofh/api/package-info.java"

startProcessing "com/techmafia/mcmods/mrfusion/MrFusion.java" md5: 8c5419b0637beb7d66822a976174b22b
Cache Hit!
endProcessing "com/techmafia/mcmods/mrfusion/MrFusion.java"

startProcessing "com/techmafia/mcmods/mrfusion/block/BlockMrFusion.java" md5: 69fabccd800ee0253029023a1bf16f19
Cache Hit!
endProcessing "com/techmafia/mcmods/mrfusion/block/BlockMrFusion.java"

startProcessing "com/techmafia/mcmods/mrfusion/block/handler/WailaTileHandler.java" md5: 63d6957605f8a49d6675fce1aec2a972
Cache Hit!
endProcessing "com/techmafia/mcmods/mrfusion/block/handler/WailaTileHandler.java"

startProcessing "com/techmafia/mcmods/mrfusion/block/itemblock/ItemBlockMrFusion.java" md5: 9b06702931e2d913bc8fe19291277110
Cache Hit!
endProcessing "com/techmafia/mcmods/mrfusion/block/itemblock/ItemBlockMrFusion.java"

startProcessing "com/techmafia/mcmods/mrfusion/container/ContainerMrFusion.java" md5: 5a6b9d1e289518a385aef7034d7048d8
Cache Hit!
endProcessing "com/techmafia/mcmods/mrfusion/container/ContainerMrFusion.java"

startProcessing "com/techmafia/mcmods/mrfusion/creativetab/CreativeTabMrFusion.java" md5: e784e32b40c95f582cd883bfbf454903
Cache Hit!
endProcessing "com/techmafia/mcmods/mrfusion/creativetab/CreativeTabMrFusion.java"

startProcessing "com/techmafia/mcmods/mrfusion/gui/handler/GuiHandlerBlockMrFusion.java" md5: d9684cd1e9cf55da377c31d21ffd5950
Cache Hit!
endProcessing "com/techmafia/mcmods/mrfusion/gui/handler/GuiHandlerBlockMrFusion.java"

startProcessing "com/techmafia/mcmods/mrfusion/gui/handler/GuiHandlerRegistry.java" md5: d601b354f0c8aff7172dcbe91b301d97
Cache Hit!
endProcessing "com/techmafia/mcmods/mrfusion/gui/handler/GuiHandlerRegistry.java"

startProcessing "com/techmafia/mcmods/mrfusion/gui/inventory/GuiInventoryMrFusion.java" md5: 7237749a1421087159b739ba488fd1f8
Cache Hit!
endProcessing "com/techmafia/mcmods/mrfusion/gui/inventory/GuiInventoryMrFusion.java"

startProcessing "com/techmafia/mcmods/mrfusion/init/MrFusionBlocks.java" md5: f4a179f5f089e3cfc45940e58a5b40e0
Cache Hit!
endProcessing "com/techmafia/mcmods/mrfusion/init/MrFusionBlocks.java"

startProcessing "com/techmafia/mcmods/mrfusion/init/MrFusionGui.java" md5: f6cd952a0f50d1c287706baa16fa3238
Cache Hit!
endProcessing "com/techmafia/mcmods/mrfusion/init/MrFusionGui.java"

startProcessing "com/techmafia/mcmods/mrfusion/init/MrFusionItems.java" md5: 2b55e263ad3ff9505cd3e778c3806f23
Cache Hit!
endProcessing "com/techmafia/mcmods/mrfusion/init/MrFusionItems.java"

startProcessing "com/techmafia/mcmods/mrfusion/init/MrFusionTileEntities.java" md5: e27738dadac878902403460e1510e280
Cache Hit!
endProcessing "com/techmafia/mcmods/mrfusion/init/MrFusionTileEntities.java"

startProcessing "com/techmafia/mcmods/mrfusion/net/CommonPacketHandler.java" md5: 4835016edfb50f0bf36efb4fdff205a6
Cache Hit!
endProcessing "com/techmafia/mcmods/mrfusion/net/CommonPacketHandler.java"

startProcessing "com/techmafia/mcmods/mrfusion/net/messages/DeviceUpdateMessage.java" md5: d40aa816afffb39d574aa6c9d354d53f
Cache Hit!
endProcessing "com/techmafia/mcmods/mrfusion/net/messages/DeviceUpdateMessage.java"

startProcessing "com/techmafia/mcmods/mrfusion/net/messages/DeviceUpdateRotationMessage.java" md5: 19ef884ceabd48988761ee29e2808370
endProcessing "com/techmafia/mcmods/mrfusion/net/messages/DeviceUpdateRotationMessage.java"

startProcessing "com/techmafia/mcmods/mrfusion/net/messages/base/WorldMessage.java" md5: 6897abc8dea353fed8e05bc43df62254
Cache Hit!
endProcessing "com/techmafia/mcmods/mrfusion/net/messages/base/WorldMessage.java"

startProcessing "com/techmafia/mcmods/mrfusion/net/messages/base/WorldMessageClient.java" md5: 68141639a15408371938a3ad390e4d68
Cache Hit!
endProcessing "com/techmafia/mcmods/mrfusion/net/messages/base/WorldMessageClient.java"

startProcessing "com/techmafia/mcmods/mrfusion/proxy/ClientProxy.java" md5: a95b6ecaa871edbe3f785fc507120bed
Cache Hit!
endProcessing "com/techmafia/mcmods/mrfusion/proxy/ClientProxy.java"

startProcessing "com/techmafia/mcmods/mrfusion/proxy/CommonProxy.java" md5: 3e5e64aded5ca801cef6af2b238ede76
Cache Hit!
endProcessing "com/techmafia/mcmods/mrfusion/proxy/CommonProxy.java"

startProcessing "com/techmafia/mcmods/mrfusion/proxy/ServerProxy.java" md5: 3e14537f57f61bdc4221e58d938ba471
Cache Hit!
endProcessing "com/techmafia/mcmods/mrfusion/proxy/ServerProxy.java"

startProcessing "com/techmafia/mcmods/mrfusion/reference/Reference.java" md5: 25cfad9fbd9a4a43cdd4acbcc2b2172b
Cache Hit!
endProcessing "com/techmafia/mcmods/mrfusion/reference/Reference.java"

startProcessing "com/techmafia/mcmods/mrfusion/tileentity/TileEntityMrFusion.java" md5: f3af3f24a15b9c6af3afc02f742d670a
Cache Hit!
endProcessing "com/techmafia/mcmods/mrfusion/tileentity/TileEntityMrFusion.java"

startProcessing "com/techmafia/mcmods/mrfusion/utility/LogHelper.java" md5: 9a73171542382715577f62bd7fab4789
Cache Hit!
endProcessing "com/techmafia/mcmods/mrfusion/utility/LogHelper.java"

startProcessing "com/techmafia/mcmods/mrfusion/utility/OreHelper.java" md5: 506179177464d497dd5cbed68bcb0c2a
Cache Hit!
endProcessing "com/techmafia/mcmods/mrfusion/utility/OreHelper.java"

startProcessing "moze_intel/projecte/api/ProjectEAPI.java" md5: 2695d5983eb373a8eb45737c6e1314b6
Cache Hit!
endProcessing "moze_intel/projecte/api/ProjectEAPI.java"

startProcessing "moze_intel/projecte/api/event/EMCRemapEvent.java" md5: 931febfddcbc9651356117338bc1af56
Cache Hit!
endProcessing "moze_intel/projecte/api/event/EMCRemapEvent.java"

startProcessing "moze_intel/projecte/api/event/PlayerKnowledgeChangeEvent.java" md5: 7c18aa5c0f4aff3bc833c51bcb83e32f
Cache Hit!
endProcessing "moze_intel/projecte/api/event/PlayerKnowledgeChangeEvent.java"

startProcessing "moze_intel/projecte/api/item/IAlchBagItem.java" md5: 2575c2ba33821730ae0a4c381ee9e3eb
Cache Hit!
endProcessing "moze_intel/projecte/api/item/IAlchBagItem.java"

startProcessing "moze_intel/projecte/api/item/IAlchChestItem.java" md5: e94d889f6ad661beba59266f0301e9eb
Cache Hit!
endProcessing "moze_intel/projecte/api/item/IAlchChestItem.java"

startProcessing "moze_intel/projecte/api/item/IExtraFunction.java" md5: c9049041325cca20d97c102f7ee1e2f4
Cache Hit!
endProcessing "moze_intel/projecte/api/item/IExtraFunction.java"

startProcessing "moze_intel/projecte/api/item/IItemCharge.java" md5: ba42285c83876a055edd31f05f1833c9
Cache Hit!
endProcessing "moze_intel/projecte/api/item/IItemCharge.java"

startProcessing "moze_intel/projecte/api/item/IItemEmc.java" md5: fc3f23ef1ec2d15aeeef20d0cf313feb
Cache Hit!
endProcessing "moze_intel/projecte/api/item/IItemEmc.java"

startProcessing "moze_intel/projecte/api/item/IModeChanger.java" md5: 6d1511e7ed563706cf3734bade2491c2
Cache Hit!
endProcessing "moze_intel/projecte/api/item/IModeChanger.java"

startProcessing "moze_intel/projecte/api/item/IPedestalItem.java" md5: cc6d1469d014a593d121080aeacb9ca3
Cache Hit!
endProcessing "moze_intel/projecte/api/item/IPedestalItem.java"

startProcessing "moze_intel/projecte/api/item/IProjectileShooter.java" md5: 05ee9f5cca332e99fc934a88a4c43da0
Cache Hit!
endProcessing "moze_intel/projecte/api/item/IProjectileShooter.java"

startProcessing "moze_intel/projecte/api/package-info.java" md5: 6dd48dedf67995a8ebe3afed7e9534bf
Cache Hit!
endProcessing "moze_intel/projecte/api/package-info.java"

startProcessing "moze_intel/projecte/api/proxy/IBlacklistProxy.java" md5: a6d4595b865e0df060069b69affd073d
Cache Hit!
endProcessing "moze_intel/projecte/api/proxy/IBlacklistProxy.java"

startProcessing "moze_intel/projecte/api/proxy/IConversionProxy.java" md5: 1eaf325cb2ff5d7ca892f2367b82f59d
Cache Hit!
endProcessing "moze_intel/projecte/api/proxy/IConversionProxy.java"

startProcessing "moze_intel/projecte/api/proxy/IEMCProxy.java" md5: b318af513a24388c9ba88be4009a71a8
Cache Hit!
endProcessing "moze_intel/projecte/api/proxy/IEMCProxy.java"

startProcessing "moze_intel/projecte/api/proxy/ITransmutationProxy.java" md5: af16a8e77799783dbdd0388bf7ae2550
Cache Hit!
endProcessing "moze_intel/projecte/api/proxy/ITransmutationProxy.java"

startProcessing "moze_intel/projecte/api/tile/IEmcAcceptor.java" md5: f913c95ef63e2d04321e12c0eba823ed
Cache Hit!
endProcessing "moze_intel/projecte/api/tile/IEmcAcceptor.java"

startProcessing "moze_intel/projecte/api/tile/IEmcProvider.java" md5: e9b7b6c3451bd4ce1d100935e3a92bdc
Cache Hit!
endProcessing "moze_intel/projecte/api/tile/IEmcProvider.java"

startProcessing "moze_intel/projecte/api/tile/IEmcStorage.java" md5: 04e607f993fd4a0c043f6a6e75617322
Cache Hit!
endProcessing "moze_intel/projecte/api/tile/IEmcStorage.java"

startProcessing "moze_intel/projecte/api/tile/ITileEmc.java" md5: 66f2e2b76dd1187e129e2ffea90a3faa
Cache Hit!
endProcessing "moze_intel/projecte/api/tile/ITileEmc.java"

startProcessing "moze_intel/projecte/api/tile/TileEmcAcceptor.java" md5: a93e11b3db87145cdc7c8a324f17f9be
Cache Hit!
endProcessing "moze_intel/projecte/api/tile/TileEmcAcceptor.java"

startProcessing "moze_intel/projecte/api/tile/TileEmcBase.java" md5: 53adcf186c9dde683b9f2d6a21022854
Cache Hit!
endProcessing "moze_intel/projecte/api/tile/TileEmcBase.java"

startProcessing "moze_intel/projecte/api/tile/TileEmcHandler.java" md5: a60ccbec603dfe6790c9dad749b99bfe
Cache Hit!
endProcessing "moze_intel/projecte/api/tile/TileEmcHandler.java"

startProcessing "moze_intel/projecte/api/tile/TileEmcProvider.java" md5: 740e15c1ac846f12b9563471128a3a98
Cache Hit!
endProcessing "moze_intel/projecte/api/tile/TileEmcProvider.java"

